[2011-10-16 22:44:06] request.ERROR: Symfony\Component\HttpKernel\Exception\NotFoundHttpException: No route found for "GET /bundles/dunglascarrental/js/modernizr-1.7.min.js" (uncaught exception) at /Users/dunglas/Documents/workspace/CarRental/vendor/symfony/src/Symfony/Component/HttpKernel/EventListener/RouterListener.php line 73 [] []
[2011-10-16 22:44:06] request.ERROR: Symfony\Component\HttpKernel\Exception\NotFoundHttpException: No route found for "GET /bundles/dunglascarrental/css/style.css" (uncaught exception) at /Users/dunglas/Documents/workspace/CarRental/vendor/symfony/src/Symfony/Component/HttpKernel/EventListener/RouterListener.php line 73 [] []
[2011-10-18 22:42:51] request.INFO: Matched route "homepage" (parameters: "_controller": "Dunglas\Bundle\CarRentalBundle\Controller\CustomerController::indexAction", "_route": "homepage") [] []
[2011-10-18 22:42:52] request.CRITICAL: PDOException: SQLSTATE[HY000] [2002] No such file or directory (uncaught exception) at /Users/dunglas/Documents/workspace/CarRental/vendor/doctrine-dbal/lib/Doctrine/DBAL/Driver/PDOConnection.php line 36 [] []
[2011-10-18 22:43:05] request.INFO: Matched route "homepage" (parameters: "_controller": "Dunglas\Bundle\CarRentalBundle\Controller\CustomerController::indexAction", "_route": "homepage") [] []
[2011-10-18 22:43:05] request.CRITICAL: PDOException: SQLSTATE[HY000] [2002] No such file or directory (uncaught exception) at /Users/dunglas/Documents/workspace/CarRental/vendor/doctrine-dbal/lib/Doctrine/DBAL/Driver/PDOConnection.php line 36 [] []
[2011-10-23 15:32:52] request.ERROR: Symfony\Component\HttpKernel\Exception\NotFoundHttpException: No route found for "GET /phpmyadmin" (uncaught exception) at /Users/dunglas/Documents/workspace/CarRental/app/cache/prod/classes.php line 4239 [] []
[2011-10-31 12:39:47] request.ERROR: Symfony\Component\HttpKernel\Exception\NotFoundHttpException: No route found for "GET /phpmyadmin" (uncaught exception) at /Users/dunglas/Documents/workspace/CarRental/app/cache/prod/classes.php line 4239 [] []
[2011-11-05 17:50:17] request.ERROR: Symfony\Component\HttpKernel\Exception\NotFoundHttpException: No route found for "GET /wordpress/wp-content/uploads/2010/04/facebook.jpg" (uncaught exception) at /Users/dunglas/Documents/workspace/CarRental/app/cache/prod/classes.php line 4239 [] []
[2011-11-05 17:50:17] request.ERROR: Symfony\Component\HttpKernel\Exception\NotFoundHttpException: No route found for "GET /wordpress/wp-content/uploads/2010/04/play_logo_normal.jpg" (uncaught exception) at /Users/dunglas/Documents/workspace/CarRental/app/cache/prod/classes.php line 4239 [] []
[2011-11-14 09:53:23] request.ERROR: Symfony\Component\HttpKernel\Exception\NotFoundHttpException: No route found for "GET /~proxyalert/remote.php" (uncaught exception) at /Users/dunglas/Documents/workspace/CarRental/app/cache/prod/classes.php line 4239 [] []
[2011-11-14 13:41:43] request.ERROR: Symfony\Component\HttpKernel\Exception\NotFoundHttpException: No route found for "GET /backend_dev.php" (uncaught exception) at /Users/dunglas/Documents/workspace/CarRental/app/cache/prod/classes.php line 4239 [] []
[2011-11-14 20:58:54] request.ERROR: Symfony\Component\HttpKernel\Exception\NotFoundHttpException: No route found for "GET /fastenv" (uncaught exception) at /Users/dunglas/Documents/workspace/CarRental/app/cache/prod/classes.php line 4239 [] []
[2011-11-14 22:26:26] request.ERROR: Symfony\Component\HttpKernel\Exception\NotFoundHttpException: No route found for "GET /1x1" (uncaught exception) at /Users/dunglas/Documents/workspace/CarRental/app/cache/prod/classes.php line 4239 [] []
[2011-11-15 01:39:52] request.ERROR: Symfony\Component\HttpKernel\Exception\NotFoundHttpException: No route found for "GET /fastenv" (uncaught exception) at /Users/dunglas/Documents/workspace/CarRental/app/cache/prod/classes.php line 4239 [] []
[2011-11-15 04:38:53] request.ERROR: Symfony\Component\HttpKernel\Exception\NotFoundHttpException: No route found for "GET /fastenv" (uncaught exception) at /Users/dunglas/Documents/workspace/CarRental/app/cache/prod/classes.php line 4239 [] []
[2011-11-15 05:13:12] request.ERROR: Symfony\Component\HttpKernel\Exception\NotFoundHttpException: No route found for "GET /fastenv" (uncaught exception) at /Users/dunglas/Documents/workspace/CarRental/app/cache/prod/classes.php line 4239 [] []
[2011-11-15 06:41:37] request.ERROR: Symfony\Component\HttpKernel\Exception\NotFoundHttpException: No route found for "GET /w00tw00t.at.blackhats.romanian.anti-sec:)" (uncaught exception) at /Users/dunglas/Documents/workspace/CarRental/app/cache/prod/classes.php line 4239 [] []
[2011-11-15 06:41:37] request.ERROR: Symfony\Component\HttpKernel\Exception\NotFoundHttpException: No route found for "GET /phpMyAdmin/scripts/setup.php" (uncaught exception) at /Users/dunglas/Documents/workspace/CarRental/app/cache/prod/classes.php line 4239 [] []
[2011-11-15 06:41:38] request.ERROR: Symfony\Component\HttpKernel\Exception\NotFoundHttpException: No route found for "GET /pma/scripts/setup.php" (uncaught exception) at /Users/dunglas/Documents/workspace/CarRental/app/cache/prod/classes.php line 4239 [] []
[2011-11-15 06:41:39] request.ERROR: Symfony\Component\HttpKernel\Exception\NotFoundHttpException: No route found for "GET /myadmin/scripts/setup.php" (uncaught exception) at /Users/dunglas/Documents/workspace/CarRental/app/cache/prod/classes.php line 4239 [] []
[2011-11-15 06:41:39] request.ERROR: Symfony\Component\HttpKernel\Exception\NotFoundHttpException: No route found for "GET /MyAdmin/scripts/setup.php" (uncaught exception) at /Users/dunglas/Documents/workspace/CarRental/app/cache/prod/classes.php line 4239 [] []
[2011-11-15 07:50:40] request.ERROR: Symfony\Component\HttpKernel\Exception\NotFoundHttpException: No route found for "GET /w00tw00t.at.blackhats.romanian.anti-sec:)" (uncaught exception) at /Users/dunglas/Documents/workspace/CarRental/app/cache/prod/classes.php line 4239 [] []
[2011-11-15 07:50:41] request.ERROR: Symfony\Component\HttpKernel\Exception\NotFoundHttpException: No route found for "GET /phpMyAdmin/scripts/setup.php" (uncaught exception) at /Users/dunglas/Documents/workspace/CarRental/app/cache/prod/classes.php line 4239 [] []
[2011-11-15 07:50:42] request.ERROR: Symfony\Component\HttpKernel\Exception\NotFoundHttpException: No route found for "GET /pma/scripts/setup.php" (uncaught exception) at /Users/dunglas/Documents/workspace/CarRental/app/cache/prod/classes.php line 4239 [] []
[2011-11-15 07:50:42] request.ERROR: Symfony\Component\HttpKernel\Exception\NotFoundHttpException: No route found for "GET /myadmin/scripts/setup.php" (uncaught exception) at /Users/dunglas/Documents/workspace/CarRental/app/cache/prod/classes.php line 4239 [] []
[2011-11-15 07:50:43] request.ERROR: Symfony\Component\HttpKernel\Exception\NotFoundHttpException: No route found for "GET /MyAdmin/scripts/setup.php" (uncaught exception) at /Users/dunglas/Documents/workspace/CarRental/app/cache/prod/classes.php line 4239 [] []
[2011-11-15 10:39:02] request.ERROR: Symfony\Component\HttpKernel\Exception\NotFoundHttpException: No route found for "GET /getip.php" (uncaught exception) at /Users/dunglas/Documents/workspace/CarRental/app/cache/prod/classes.php line 4239 [] []
[2011-11-16 11:06:53] request.ERROR: Symfony\Component\HttpKernel\Exception\NotFoundHttpException: No route found for "GET /fastenv" (uncaught exception) at /Users/dunglas/Documents/workspace/CarRental/app/cache/prod/classes.php line 4239 [] []
[2011-11-16 12:39:52] request.ERROR: Symfony\Component\HttpKernel\Exception\NotFoundHttpException: No route found for "GET /fastenv" (uncaught exception) at /Users/dunglas/Documents/workspace/CarRental/app/cache/prod/classes.php line 4239 [] []
[2011-11-17 12:50:11] request.ERROR: Symfony\Component\HttpKernel\Exception\NotFoundHttpException: No route found for "GET /fastenv" (uncaught exception) at /Users/dunglas/Documents/workspace/CarRental/app/cache/prod/classes.php line 4239 [] []
[2011-11-17 15:07:19] request.ERROR: Symfony\Component\HttpKernel\Exception\NotFoundHttpException: No route found for "GET /fastenv" (uncaught exception) at /Users/dunglas/Documents/workspace/CarRental/app/cache/prod/classes.php line 4239 [] []
[2011-11-17 19:42:20] request.ERROR: Symfony\Component\HttpKernel\Exception\NotFoundHttpException: No route found for "GET /1x1" (uncaught exception) at /Users/dunglas/Documents/workspace/CarRental/app/cache/prod/classes.php line 4239 [] []
[2011-11-17 23:52:08] request.ERROR: Symfony\Component\HttpKernel\Exception\NotFoundHttpException: No route found for "GET /fastenv" (uncaught exception) at /Users/dunglas/Documents/workspace/CarRental/app/cache/prod/classes.php line 4239 [] []
[2011-11-18 00:26:28] request.ERROR: Symfony\Component\HttpKernel\Exception\NotFoundHttpException: No route found for "GET /fastenv" (uncaught exception) at /Users/dunglas/Documents/workspace/CarRental/app/cache/prod/classes.php line 4239 [] []
[2011-11-18 14:45:12] request.ERROR: Symfony\Component\HttpKernel\Exception\NotFoundHttpException: No route found for "GET /fastenv" (uncaught exception) at /Users/dunglas/Documents/workspace/CarRental/app/cache/prod/classes.php line 4239 [] []
[2011-11-19 17:43:19] request.ERROR: Symfony\Component\HttpKernel\Exception\NotFoundHttpException: No route found for "GET /~proxyalert/remote.php" (uncaught exception) at /Users/dunglas/Documents/workspace/CarRental/app/cache/prod/classes.php line 4239 [] []
[2011-11-19 18:34:17] request.ERROR: Symfony\Component\HttpKernel\Exception\NotFoundHttpException: No route found for "GET /appConf.htm" (uncaught exception) at /Users/dunglas/Documents/workspace/CarRental/app/cache/prod/classes.php line 4239 [] []
[2011-11-25 17:21:58] request.ERROR: Symfony\Component\HttpKernel\Exception\NotFoundHttpException: No route found for "GET /fastenv" (uncaught exception) at /Users/dunglas/Documents/workspace/CarRental/app/cache/prod/classes.php line 4239 [] []
[2011-11-25 22:35:17] request.ERROR: Symfony\Component\HttpKernel\Exception\NotFoundHttpException: No route found for "GET /fastenv" (uncaught exception) at /Users/dunglas/Documents/workspace/CarRental/app/cache/prod/classes.php line 4239 [] []
[2011-11-26 00:03:20] request.ERROR: Symfony\Component\HttpKernel\Exception\NotFoundHttpException: No route found for "GET /user/soapCaller.bs" (uncaught exception) at /Users/dunglas/Documents/workspace/CarRental/app/cache/prod/classes.php line 4239 [] []
[2011-12-18 08:59:49] request.ERROR: Symfony\Component\HttpKernel\Exception\NotFoundHttpException: No route found for "GET /bundles/dunglascarrental/css/style.css" (uncaught exception) at /Users/dunglas/Documents/workspace/CarRental/app/cache/prod/classes.php line 4239 [] []
[2011-12-18 08:59:50] request.ERROR: Symfony\Component\HttpKernel\Exception\NotFoundHttpException: No route found for "GET /bundles/dunglascarrental/js/modernizr-1.7.min.js" (uncaught exception) at /Users/dunglas/Documents/workspace/CarRental/app/cache/prod/classes.php line 4239 [] []
[2011-12-18 08:59:50] request.ERROR: Symfony\Component\HttpKernel\Exception\NotFoundHttpException: No route found for "GET /bundles/dunglascarrental/js/jquery-1.5.1.min.js" (uncaught exception) at /Users/dunglas/Documents/workspace/CarRental/app/cache/prod/classes.php line 4239 [] []
[2011-12-22 08:29:11] request.INFO: Matched route "homepage" (parameters: "_controller": "Dunglas\Bundle\CarRentalBundle\Controller\CustomerController::indexAction", "_route": "homepage") [] []
[2011-12-22 08:29:11] request.CRITICAL: InvalidArgumentException: Class "Dunglas\Bundle\CarRentalBundle\Controller\CustomerController" does not exist. (uncaught exception) at /Users/dunglas/Documents/workspace/CarRental/app/cache/prod/classes.php line 4831 [] []
[2011-12-25 22:09:52] request.INFO: Matched route "homepage" (parameters: "_controller": "Dunglas\Bundle\CarRentalBundle\Controller\CustomerController::indexAction", "_route": "homepage") [] []
[2011-12-25 22:09:52] request.CRITICAL: InvalidArgumentException: Class "Dunglas\Bundle\CarRentalBundle\Controller\CustomerController" does not exist. (uncaught exception) at /Users/dunglas/Documents/workspace/CarRental/app/cache/prod/classes.php line 4831 [] []
[2011-12-26 02:07:59] request.ERROR: Symfony\Component\HttpKernel\Exception\NotFoundHttpException: No route found for "GET /" (uncaught exception) at /Users/dunglas/Documents/workspace/CarRental/vendor/symfony/src/Symfony/Component/HttpKernel/EventListener/RouterListener.php line 68 [] []
